<?xml version="1.0" encoding="UTF-8"?>
<!-- Generated by org.testng.reporters.JUnitReportReporter -->
<testsuite hostname="DESKTOP-R5U0RRK" name="com.saucelab.testCases.EndToEndTesting" tests="1" failures="0" timestamp="31 May 2024 02:20:16 GMT" time="3.670" errors="0">
  <testcase name="verifyLogin" time="3.670" classname="com.saucelab.testCases.EndToEndTesting"/>
</testsuite> <!-- com.saucelab.testCases.EndToEndTesting -->
