<?xml version="1.0" encoding="UTF-8"?>
<!-- Generated by org.testng.reporters.JUnitReportReporter -->
<testsuite hostname="DESKTOP-R5U0RRK" name="com.saucelab.testCases.LoginTest" tests="1" failures="0" timestamp="31 May 2024 02:56:37 GMT" time="3.640" errors="0">
  <testcase name="verifyLoginPageFunctionality" time="3.640" classname="com.saucelab.testCases.LoginTest"/>
</testsuite> <!-- com.saucelab.testCases.LoginTest -->
